<?xml version="1.0" encoding="UTF-8"?>
<!-- Generated by org.testng.reporters.JUnitXMLReporter -->
<testsuite ignored="0" hostname="KMG-GGN-026" failures="1" tests="3" name="Test" time="19.916" errors="0" timestamp="2024-01-02T10:02:32 IST">
  <testcase classname="tests.LoginTest" name="login" time="5.761"/>
  <testcase classname="tests.LoginTest" name="login" time="4.099"/>
  <testcase classname="tests.dashboardTest" name="dashboard" time="10.012">
    <failure type="java.lang.NullPointerException" message="Cannot invoke &amp;quot;org.openqa.selenium.WebDriver.findElement(org.openqa.selenium.By)&amp;quot; because &amp;quot;this.driver&amp;quot; is null">
      <![CDATA[java.lang.NullPointerException: Cannot invoke "org.openqa.selenium.WebDriver.findElement(org.openqa.selenium.By)" because "this.driver" is null
at com.qa.pages.Dashboard.select_newpolicyholder(Dashboard.java:19)
at tests.dashboardTest.dashboard(dashboardTest.java:18)
at java.base/java.util.ArrayList.forEach(ArrayList.java:1511)
... Removed 27 stack frames]]>
    </failure>
  </testcase> <!-- dashboard -->
</testsuite> <!-- Test -->
