<?xml version="1.0" encoding="UTF-8"?>
<!-- Generated by org.testng.reporters.JUnitXMLReporter -->
<testsuite ignored="0" hostname="KMG-GGN-026" failures="0" tests="6" name="Test" time="42.195" errors="0" timestamp="2024-01-29T17:38:38 IST">
  <testcase classname="tests.LoginTest" name="login_details" time="0.469"/>
  <testcase classname="tests.dashboardTest" name="dashboard" time="9.006"/>
  <testcase classname="tests.Create_NewPolicyHolderTest" name="create_newPolicy" time="3.647"/>
  <testcase classname="tests.Create_NewApplicationTest" name="newApplication" time="6.079"/>
  <testcase classname="tests.exposures_PageTest" name="exposure" time="10.377"/>
  <testcase classname="tests.commercial_Builcing_PageTest" name="commercial_Building" time="8.632"/>
</testsuite> <!-- Test -->
